Arguments: 
  /usr/local/bin/node /usr/local/bin/yarn add express apollo-server-express cors dotenv

PATH: 
  /usr/local/sbin:/usr/local/bin:/usr/sbin:/usr/bin:/sbin:/bin:/usr/games:/usr/local/games:/snap/bin:/home/dennis/Android/Sdk/emulator:/home/dennis/Android/Sdk/tools:/home/dennis/Android/Sdk/tools/bin:/home/dennis/Android/Sdk/platform-tools:/usr/local/go/bin

Yarn version: 
  1.22.10

Node version: 
  14.16.1

Platform: 
  linux x64

Trace: 
  Error: getaddrinfo ENOTFOUND registry.yarnpkg.com
      at GetAddrInfoReqWrap.onlookup [as oncomplete] (dns.js:67:26)

npm manifest: 
  {
    "name": "Graphql-server-crud",
    "version": "1.0.0",
    "description": "",
    "main": "index.js",
    "scripts": {
      "test": "echo \"Error: no test specified\" && exit 1"
    },
    "keywords": [],
    "author": "",
    "license": "ISC",
    "dependencies": {
      "apollo-server": "^2.25.1",
      "graphql": "^15.5.0"
    }
  }

yarn manifest: 
  No manifest

Lockfile: 
  No lockfile
